[debug] [2022-11-10T16:08:48.819Z] ----------------------------------------------------------------------
[debug] [2022-11-10T16:08:48.821Z] Command:       C:\Program Files\nodejs\node.exe C:\Users\sajibur rahman\AppData\Roaming\npm\node_modules\firebase-tools\lib\bin\firebase.js deploy
[debug] [2022-11-10T16:08:48.822Z] CLI Version:   11.15.0
[debug] [2022-11-10T16:08:48.822Z] Platform:      win32
[debug] [2022-11-10T16:08:48.822Z] Node Version:  v16.14.2
[debug] [2022-11-10T16:08:48.895Z] Time:          Thu Nov 10 2022 22:08:48 GMT+0600 (Bangladesh Standard Time)
[debug] [2022-11-10T16:08:48.895Z] ----------------------------------------------------------------------
[debug] 
[debug] [2022-11-10T16:08:49.019Z] > command requires scopes: ["email","openid","https://www.googleapis.com/auth/cloudplatformprojects.readonly","https://www.googleapis.com/auth/firebase","https://www.googleapis.com/auth/cloud-platform"]
[debug] [2022-11-10T16:08:49.019Z] > authorizing via signed-in user (sajiburrahman2000@gmail.com)
[debug] [2022-11-10T16:08:49.019Z] [iam] checking project after-clicks-56343 for permissions ["firebase.projects.get","firebasehosting.sites.update"]
[debug] [2022-11-10T16:08:49.021Z] > refreshing access token with scopes: []
[debug] [2022-11-10T16:08:49.023Z] >>> [apiv2][query] POST https://www.googleapis.com/oauth2/v3/token [none]
[debug] [2022-11-10T16:08:49.024Z] >>> [apiv2][body] POST https://www.googleapis.com/oauth2/v3/token [omitted]
[debug] [2022-11-10T16:08:49.842Z] <<< [apiv2][status] POST https://www.googleapis.com/oauth2/v3/token 200
[debug] [2022-11-10T16:08:49.842Z] <<< [apiv2][body] POST https://www.googleapis.com/oauth2/v3/token [omitted]
[debug] [2022-11-10T16:08:49.955Z] >>> [apiv2][query] POST https://cloudresourcemanager.googleapis.com/v1/projects/after-clicks-56343:testIamPermissions [none]
[debug] [2022-11-10T16:08:49.955Z] >>> [apiv2][(partial)header] POST https://cloudresourcemanager.googleapis.com/v1/projects/after-clicks-56343:testIamPermissions x-goog-quota-user=projects/after-clicks-56343
[debug] [2022-11-10T16:08:49.955Z] >>> [apiv2][body] POST https://cloudresourcemanager.googleapis.com/v1/projects/after-clicks-56343:testIamPermissions {"permissions":["firebase.projects.get","firebasehosting.sites.update"]}
[debug] [2022-11-10T16:08:51.595Z] <<< [apiv2][status] POST https://cloudresourcemanager.googleapis.com/v1/projects/after-clicks-56343:testIamPermissions 200
[debug] [2022-11-10T16:08:51.595Z] <<< [apiv2][body] POST https://cloudresourcemanager.googleapis.com/v1/projects/after-clicks-56343:testIamPermissions {"permissions":["firebase.projects.get","firebasehosting.sites.update"]}
[debug] [2022-11-10T16:08:51.596Z] >>> [apiv2][query] GET https://firebase.googleapis.com/v1beta1/projects/after-clicks-56343 [none]
[debug] [2022-11-10T16:08:52.383Z] <<< [apiv2][status] GET https://firebase.googleapis.com/v1beta1/projects/after-clicks-56343 200
[debug] [2022-11-10T16:08:52.384Z] <<< [apiv2][body] GET https://firebase.googleapis.com/v1beta1/projects/after-clicks-56343 {"projectId":"after-clicks-56343","projectNumber":"40965866452","displayName":"after-clicks","name":"projects/after-clicks-56343","resources":{"hostingSite":"after-clicks-56343"},"state":"ACTIVE","etag":"1_793a03ac-ad12-460f-acd4-3765761a2b04"}
[info] 
[info] === Deploying to 'after-clicks-56343'...
[info] 
[info] i  deploying hosting 
[debug] [2022-11-10T16:08:52.393Z] >>> [apiv2][query] POST https://firebasehosting.googleapis.com/v1beta1/projects/-/sites/after-clicks-56343/versions [none]
[debug] [2022-11-10T16:08:52.393Z] >>> [apiv2][body] POST https://firebasehosting.googleapis.com/v1beta1/projects/-/sites/after-clicks-56343/versions {"status":"CREATED","labels":{"deployment-tool":"cli-firebase"}}
[debug] [2022-11-10T16:08:54.017Z] <<< [apiv2][status] POST https://firebasehosting.googleapis.com/v1beta1/projects/-/sites/after-clicks-56343/versions 200
[debug] [2022-11-10T16:08:54.017Z] <<< [apiv2][body] POST https://firebasehosting.googleapis.com/v1beta1/projects/-/sites/after-clicks-56343/versions {"name":"projects/40965866452/sites/after-clicks-56343/versions/b29427a7c3114e4c","status":"CREATED","config":{},"labels":{"deployment-tool":"cli-firebase"}}
[info] i  hosting[after-clicks-56343]: beginning deploy... 
[info] i  hosting[after-clicks-56343]: found 23 files in build 
[debug] [2022-11-10T16:08:54.055Z] [hosting] uploading with 200 concurrency
[debug] [2022-11-10T16:08:54.791Z] [hosting] hash cache [YnVpbGQ] stored for 23 files
[debug] [2022-11-10T16:08:54.791Z] [hosting][hash queue][FINAL] {"max":408,"min":5,"avg":44.82608695652174,"active":0,"complete":23,"success":23,"errored":0,"retried":0,"total":23,"elapsed":733}
[debug] [2022-11-10T16:08:54.792Z] >>> [apiv2][query] POST https://firebasehosting.googleapis.com/v1beta1/projects/40965866452/sites/after-clicks-56343/versions/b29427a7c3114e4c:populateFiles [none]
[debug] [2022-11-10T16:08:54.792Z] >>> [apiv2][body] POST https://firebasehosting.googleapis.com/v1beta1/projects/40965866452/sites/after-clicks-56343/versions/b29427a7c3114e4c:populateFiles {"files":{"/favicon.ico":"eae62e993eb980ec8a25058c39d5a51feab118bd2100c4deebb2a9c158ec11f9","/logo192.png":"3ee59515172ee198f3be375979df15ac5345183e656720a381b8872b2a39dc8b","/logo512.png":"ee7e2f3fdb8209c4b6fd7bef6ba50d1b9dba30a25bb5c3126df057e1cb6f5331","/main.png":"a01b9d5dd0eb8777b5eec0931592218a0b56d2f4603d4f93e7ed836ad9722091","/manifest.json":"aff3449bdc238776f5d6d967f19ec491b36aed5fb7f23ccff6500736fd58494a","/robots.txt":"bfe106a3fb878dc83461c86818bf74fc1bdc7f28538ba613cd3e775516ce8b49","/asset-manifest.json":"7e4d66b8e4ce748cde6271bd39a7194ef30277188a196c03c596db7dad13ae68","/index.html":"c7170261c9297b9c9c0f1af3b6f2bde162a84342ddbd0095224f2123790a72ed","/static/js/787.c8ca576b.chunk.js":"62562d48ac855e046a912b61ef9f7846ef5679dba0fb44d68e1f987506eefa4b","/static/js/787.c8ca576b.chunk.js.map":"c124a1d1b06f47aaa847d3ed80f31750b4140df01138052796ebd428568c9fda","/static/js/main.fe0fa932.js.LICENSE.txt":"dc5016d29d45e826ece3d0acae9cce0be7562d2a273dd92025dcc349f37858a0","/static/media/AfterClicks.dd475800d54641aa55df.png":"048d8fd41d2a56ece3a80e72ea6a71b11f62fe3dca9557987c584fe1147da490","/static/media/img2.4dc7320f3356c3de60fe.jpeg":"39a27c6a505fdf92f3f5dcb5831f1b9c29545aff620284ba4696193ca89dc7db","/static/media/signup.ee3abb6b93b68f89f382.png":"57d233d9d70b8eadb28566f54b482885a67c6ad05498bf26d6cf2dbf08a4408d","/static/media/jwt.2d72bc1615140d9b639a.PNG":"a67535962b8a3963394f4a42a2a0da1d1a8cbb38a6be479959793c2d27cca986","/static/css/main.60522809.css":"bafae77bd0bc33e72be008f7a0df04e35415aa92348bd5f66598672cdede1b5a","/static/media/img3.f61abb8354f9254d76ee.jpg":"e73d88462a73c829f6eb27dde17756c2fc28fa4f25af75e1ad7968d38393223d","/static/media/camera.34ce36e0f8b5a424d9fc.png":"f6f375bee23b7fcd92d777001f7349dff5bb8a8b0c26a672468b6d040cb74ca1","/static/media/img1.dd03e8f8694984de7e6c.png":"f1fc6bf336d9b6cb85a26ca68d2cc63ebb9502a2babc6edc152145d0ff121358","/static/media/login1.74e606bbe11ad42b512a.png":"dda28c945b1706933424b59c0ea9710677ff58af40afbb899892bff3dd78091a","/static/css/main.60522809.css.map":"b7540a5ef5358d27bc3206ae21195624fb4a644a139b3321d0569f12d1b7da5c","/static/js/main.fe0fa932.js":"d9fcb80b90299da7ca57e0e96f533672cd8faac50c686833fdd4a844995f9b65","/static/js/main.fe0fa932.js.map":"bfad42f166ecb3607c5f47cafb4553971ff02ba0d9c43f765a764d472fc6574b"}}
[debug] [2022-11-10T16:08:55.896Z] <<< [apiv2][status] POST https://firebasehosting.googleapis.com/v1beta1/projects/40965866452/sites/after-clicks-56343/versions/b29427a7c3114e4c:populateFiles 200
[debug] [2022-11-10T16:08:55.896Z] <<< [apiv2][body] POST https://firebasehosting.googleapis.com/v1beta1/projects/40965866452/sites/after-clicks-56343/versions/b29427a7c3114e4c:populateFiles {"uploadRequiredHashes":["bfad42f166ecb3607c5f47cafb4553971ff02ba0d9c43f765a764d472fc6574b","d9fcb80b90299da7ca57e0e96f533672cd8faac50c686833fdd4a844995f9b65","7e4d66b8e4ce748cde6271bd39a7194ef30277188a196c03c596db7dad13ae68","c7170261c9297b9c9c0f1af3b6f2bde162a84342ddbd0095224f2123790a72ed","bafae77bd0bc33e72be008f7a0df04e35415aa92348bd5f66598672cdede1b5a","b7540a5ef5358d27bc3206ae21195624fb4a644a139b3321d0569f12d1b7da5c"],"uploadUrl":"https://upload-firebasehosting.googleapis.com/upload/sites/after-clicks-56343/versions/b29427a7c3114e4c/files"}
[debug] [2022-11-10T16:08:55.898Z] >>> [apiv2][query] POST https://upload-firebasehosting.googleapis.com/upload/sites/after-clicks-56343/versions/b29427a7c3114e4c/files/bfad42f166ecb3607c5f47cafb4553971ff02ba0d9c43f765a764d472fc6574b [none]
[debug] [2022-11-10T16:08:55.898Z] >>> [apiv2][body] POST https://upload-firebasehosting.googleapis.com/upload/sites/after-clicks-56343/versions/b29427a7c3114e4c/files/bfad42f166ecb3607c5f47cafb4553971ff02ba0d9c43f765a764d472fc6574b [stream]
[debug] [2022-11-10T16:08:55.900Z] >>> [apiv2][query] POST https://upload-firebasehosting.googleapis.com/upload/sites/after-clicks-56343/versions/b29427a7c3114e4c/files/d9fcb80b90299da7ca57e0e96f533672cd8faac50c686833fdd4a844995f9b65 [none]
[debug] [2022-11-10T16:08:55.900Z] >>> [apiv2][body] POST https://upload-firebasehosting.googleapis.com/upload/sites/after-clicks-56343/versions/b29427a7c3114e4c/files/d9fcb80b90299da7ca57e0e96f533672cd8faac50c686833fdd4a844995f9b65 [stream]
[debug] [2022-11-10T16:08:55.901Z] >>> [apiv2][query] POST https://upload-firebasehosting.googleapis.com/upload/sites/after-clicks-56343/versions/b29427a7c3114e4c/files/7e4d66b8e4ce748cde6271bd39a7194ef30277188a196c03c596db7dad13ae68 [none]
[debug] [2022-11-10T16:08:55.901Z] >>> [apiv2][body] POST https://upload-firebasehosting.googleapis.com/upload/sites/after-clicks-56343/versions/b29427a7c3114e4c/files/7e4d66b8e4ce748cde6271bd39a7194ef30277188a196c03c596db7dad13ae68 [stream]
[debug] [2022-11-10T16:08:55.902Z] >>> [apiv2][query] POST https://upload-firebasehosting.googleapis.com/upload/sites/after-clicks-56343/versions/b29427a7c3114e4c/files/c7170261c9297b9c9c0f1af3b6f2bde162a84342ddbd0095224f2123790a72ed [none]
[debug] [2022-11-10T16:08:55.902Z] >>> [apiv2][body] POST https://upload-firebasehosting.googleapis.com/upload/sites/after-clicks-56343/versions/b29427a7c3114e4c/files/c7170261c9297b9c9c0f1af3b6f2bde162a84342ddbd0095224f2123790a72ed [stream]
[debug] [2022-11-10T16:08:55.903Z] >>> [apiv2][query] POST https://upload-firebasehosting.googleapis.com/upload/sites/after-clicks-56343/versions/b29427a7c3114e4c/files/bafae77bd0bc33e72be008f7a0df04e35415aa92348bd5f66598672cdede1b5a [none]
[debug] [2022-11-10T16:08:55.903Z] >>> [apiv2][body] POST https://upload-firebasehosting.googleapis.com/upload/sites/after-clicks-56343/versions/b29427a7c3114e4c/files/bafae77bd0bc33e72be008f7a0df04e35415aa92348bd5f66598672cdede1b5a [stream]
[debug] [2022-11-10T16:08:55.905Z] >>> [apiv2][query] POST https://upload-firebasehosting.googleapis.com/upload/sites/after-clicks-56343/versions/b29427a7c3114e4c/files/b7540a5ef5358d27bc3206ae21195624fb4a644a139b3321d0569f12d1b7da5c [none]
[debug] [2022-11-10T16:08:55.905Z] >>> [apiv2][body] POST https://upload-firebasehosting.googleapis.com/upload/sites/after-clicks-56343/versions/b29427a7c3114e4c/files/b7540a5ef5358d27bc3206ae21195624fb4a644a139b3321d0569f12d1b7da5c [stream]
[debug] [2022-11-10T16:08:55.906Z] [hosting][populate queue][FINAL] {"max":1427,"min":1427,"avg":1427,"active":0,"complete":1,"success":1,"errored":0,"retried":0,"total":1,"elapsed":1435}
[debug] [2022-11-10T16:08:55.906Z] [hosting] uploads queued: 6
[debug] [2022-11-10T16:08:57.885Z] <<< [apiv2][status] POST https://upload-firebasehosting.googleapis.com/upload/sites/after-clicks-56343/versions/b29427a7c3114e4c/files/c7170261c9297b9c9c0f1af3b6f2bde162a84342ddbd0095224f2123790a72ed 200
[debug] [2022-11-10T16:08:57.885Z] <<< [apiv2][body] POST https://upload-firebasehosting.googleapis.com/upload/sites/after-clicks-56343/versions/b29427a7c3114e4c/files/c7170261c9297b9c9c0f1af3b6f2bde162a84342ddbd0095224f2123790a72ed [stream]
[debug] [2022-11-10T16:08:57.935Z] <<< [apiv2][status] POST https://upload-firebasehosting.googleapis.com/upload/sites/after-clicks-56343/versions/b29427a7c3114e4c/files/bafae77bd0bc33e72be008f7a0df04e35415aa92348bd5f66598672cdede1b5a 200
[debug] [2022-11-10T16:08:57.935Z] <<< [apiv2][body] POST https://upload-firebasehosting.googleapis.com/upload/sites/after-clicks-56343/versions/b29427a7c3114e4c/files/bafae77bd0bc33e72be008f7a0df04e35415aa92348bd5f66598672cdede1b5a [stream]
[debug] [2022-11-10T16:08:57.936Z] <<< [apiv2][status] POST https://upload-firebasehosting.googleapis.com/upload/sites/after-clicks-56343/versions/b29427a7c3114e4c/files/7e4d66b8e4ce748cde6271bd39a7194ef30277188a196c03c596db7dad13ae68 200
[debug] [2022-11-10T16:08:57.936Z] <<< [apiv2][body] POST https://upload-firebasehosting.googleapis.com/upload/sites/after-clicks-56343/versions/b29427a7c3114e4c/files/7e4d66b8e4ce748cde6271bd39a7194ef30277188a196c03c596db7dad13ae68 [stream]
[debug] [2022-11-10T16:08:58.650Z] <<< [apiv2][status] POST https://upload-firebasehosting.googleapis.com/upload/sites/after-clicks-56343/versions/b29427a7c3114e4c/files/b7540a5ef5358d27bc3206ae21195624fb4a644a139b3321d0569f12d1b7da5c 200
[debug] [2022-11-10T16:08:58.650Z] <<< [apiv2][body] POST https://upload-firebasehosting.googleapis.com/upload/sites/after-clicks-56343/versions/b29427a7c3114e4c/files/b7540a5ef5358d27bc3206ae21195624fb4a644a139b3321d0569f12d1b7da5c [stream]
[debug] [2022-11-10T16:08:59.580Z] <<< [apiv2][status] POST https://upload-firebasehosting.googleapis.com/upload/sites/after-clicks-56343/versions/b29427a7c3114e4c/files/bfad42f166ecb3607c5f47cafb4553971ff02ba0d9c43f765a764d472fc6574b 200
[debug] [2022-11-10T16:08:59.580Z] <<< [apiv2][body] POST https://upload-firebasehosting.googleapis.com/upload/sites/after-clicks-56343/versions/b29427a7c3114e4c/files/bfad42f166ecb3607c5f47cafb4553971ff02ba0d9c43f765a764d472fc6574b [stream]
[debug] [2022-11-10T16:09:00.158Z] <<< [apiv2][status] POST https://upload-firebasehosting.googleapis.com/upload/sites/after-clicks-56343/versions/b29427a7c3114e4c/files/d9fcb80b90299da7ca57e0e96f533672cd8faac50c686833fdd4a844995f9b65 200
[debug] [2022-11-10T16:09:00.159Z] <<< [apiv2][body] POST https://upload-firebasehosting.googleapis.com/upload/sites/after-clicks-56343/versions/b29427a7c3114e4c/files/d9fcb80b90299da7ca57e0e96f533672cd8faac50c686833fdd4a844995f9b65 [stream]
[debug] [2022-11-10T16:09:00.159Z] [hosting][upload queue][FINAL] {"max":4262,"min":1988,"avg":2793.5,"active":0,"complete":6,"success":6,"errored":0,"retried":0,"total":6,"elapsed":4262}
[info] +  hosting[after-clicks-56343]: file upload complete 
[debug] [2022-11-10T16:09:00.161Z] [hosting] deploy completed after 6142ms
[debug] [2022-11-10T16:09:00.164Z] [
  {
    "config": {
      "public": "build",
      "ignore": [
        "firebase.json",
        "**/.*",
        "**/node_modules/**"
      ],
      "rewrites": [
        {
          "source": "**",
          "destination": "/index.html"
        }
      ],
      "site": "after-clicks-56343"
    },
    "version": "projects/40965866452/sites/after-clicks-56343/versions/b29427a7c3114e4c"
  }
]
[info] i  hosting[after-clicks-56343]: finalizing version... 
[debug] [2022-11-10T16:09:00.166Z] >>> [apiv2][query] PATCH https://firebasehosting.googleapis.com/v1beta1/projects/-/sites/after-clicks-56343/versions/b29427a7c3114e4c updateMask=status%2Cconfig
[debug] [2022-11-10T16:09:00.166Z] >>> [apiv2][body] PATCH https://firebasehosting.googleapis.com/v1beta1/projects/-/sites/after-clicks-56343/versions/b29427a7c3114e4c {"status":"FINALIZED","config":{"rewrites":[{"glob":"**","path":"/index.html"}]}}
[debug] [2022-11-10T16:09:01.283Z] <<< [apiv2][status] PATCH https://firebasehosting.googleapis.com/v1beta1/projects/-/sites/after-clicks-56343/versions/b29427a7c3114e4c 200
[debug] [2022-11-10T16:09:01.283Z] <<< [apiv2][body] PATCH https://firebasehosting.googleapis.com/v1beta1/projects/-/sites/after-clicks-56343/versions/b29427a7c3114e4c {"name":"projects/40965866452/sites/after-clicks-56343/versions/b29427a7c3114e4c","status":"FINALIZED","config":{"rewrites":[{"glob":"**","path":"/index.html"}]},"labels":{"deployment-tool":"cli-firebase"},"createTime":"2022-11-10T16:08:53.415275Z","createUser":{"email":"sajiburrahman2000@gmail.com"},"finalizeTime":"2022-11-10T16:09:01.204704Z","finalizeUser":{"email":"sajiburrahman2000@gmail.com"}}
[debug] [2022-11-10T16:09:01.283Z] [hosting] finalized version for after-clicks-56343:[object Object]
[info] +  hosting[after-clicks-56343]: version finalized 
[info] i  hosting[after-clicks-56343]: releasing new version... 
[debug] [2022-11-10T16:09:01.285Z] >>> [apiv2][query] POST https://firebasehosting.googleapis.com/v1beta1/projects/-/sites/after-clicks-56343/channels/live/releases versionName=projects%2F40965866452%2Fsites%2Fafter-clicks-56343%2Fversions%2Fb29427a7c3114e4c
[debug] [2022-11-10T16:09:01.285Z] >>> [apiv2][body] POST https://firebasehosting.googleapis.com/v1beta1/projects/-/sites/after-clicks-56343/channels/live/releases {}
[debug] [2022-11-10T16:09:02.720Z] <<< [apiv2][status] POST https://firebasehosting.googleapis.com/v1beta1/projects/-/sites/after-clicks-56343/channels/live/releases 200
[debug] [2022-11-10T16:09:02.721Z] <<< [apiv2][body] POST https://firebasehosting.googleapis.com/v1beta1/projects/-/sites/after-clicks-56343/channels/live/releases {"name":"projects/40965866452/sites/after-clicks-56343/channels/live/releases/1668096542031026","version":{"name":"projects/40965866452/sites/after-clicks-56343/versions/b29427a7c3114e4c","status":"FINALIZED","config":{"rewrites":[{"glob":"**","path":"/index.html"}]},"labels":{"deployment-tool":"cli-firebase"},"createTime":"2022-11-10T16:08:53.415275Z","createUser":{"email":"sajiburrahman2000@gmail.com","imageUrl":"https://lh3.googleusercontent.com/a/ALm5wu1jS510p09vZ7rSwTZXzQfmT09ZoLR-2wclRvodrQ"},"finalizeTime":"2022-11-10T16:09:01.204704Z","finalizeUser":{"email":"sajiburrahman2000@gmail.com","imageUrl":"https://lh3.googleusercontent.com/a/ALm5wu1jS510p09vZ7rSwTZXzQfmT09ZoLR-2wclRvodrQ"}},"type":"DEPLOY","releaseTime":"2022-11-10T16:09:02.031026521Z","releaseUser":{"email":"sajiburrahman2000@gmail.com","imageUrl":"https://lh3.googleusercontent.com/a/ALm5wu1jS510p09vZ7rSwTZXzQfmT09ZoLR-2wclRvodrQ"}}
[debug] [2022-11-10T16:09:02.721Z] [hosting] release: {"name":"projects/40965866452/sites/after-clicks-56343/channels/live/releases/1668096542031026","version":{"name":"projects/40965866452/sites/after-clicks-56343/versions/b29427a7c3114e4c","status":"FINALIZED","config":{"rewrites":[{"glob":"**","path":"/index.html"}]},"labels":{"deployment-tool":"cli-firebase"},"createTime":"2022-11-10T16:08:53.415275Z","createUser":{"email":"sajiburrahman2000@gmail.com","imageUrl":"https://lh3.googleusercontent.com/a/ALm5wu1jS510p09vZ7rSwTZXzQfmT09ZoLR-2wclRvodrQ"},"finalizeTime":"2022-11-10T16:09:01.204704Z","finalizeUser":{"email":"sajiburrahman2000@gmail.com","imageUrl":"https://lh3.googleusercontent.com/a/ALm5wu1jS510p09vZ7rSwTZXzQfmT09ZoLR-2wclRvodrQ"}},"type":"DEPLOY","releaseTime":"2022-11-10T16:09:02.031026521Z","releaseUser":{"email":"sajiburrahman2000@gmail.com","imageUrl":"https://lh3.googleusercontent.com/a/ALm5wu1jS510p09vZ7rSwTZXzQfmT09ZoLR-2wclRvodrQ"}}
[info] +  hosting[after-clicks-56343]: release complete 
[info] 
[info] +  Deploy complete! 
[info] 
[info] Project Console: https://console.firebase.google.com/project/after-clicks-56343/overview
[info] Hosting URL: https://after-clicks-56343.web.app
[debug] [2022-11-10T16:09:08.785Z] Error: Timed out.
    at Timeout._onTimeout (C:\Users\sajibur rahman\AppData\Roaming\npm\node_modules\firebase-tools\lib\utils.js:253:49)
    at listOnTimeout (node:internal/timers:559:17)
    at processTimers (node:internal/timers:502:7)
[error] 
[error] Error: An unexpected error has occurred.
